number,value,datetime_start,datetime_complete,duration,params_cat_smooth,params_colsample_bytree,params_learning_rate,params_min_child_samples,params_n_estimators,params_num_leaves,params_reg_alpha,params_reg_lambda,params_subsample,system_attrs_fixed_params,state
0,0.4530927791097826,2026-10-05 00:08:00.452759,2026-10-05 00:08:13.455689,0 days 00:00:13.002930,10.0,0.8,0.03,20,1000,63,0.001,0.001,0.8,"{'n_estimators': 1000, 'learning_rate': 0.03, 'num_leaves': 63, 'min_child_samples': 20, 'subsample': 0.8, 'subsample_freq': 1, 'colsample_bytree': 0.8, 'reg_lambda': 0.001, 'reg_alpha': 0.001, 'cat_smooth': 10.0}",COMPLETE
1,0.4585485178291311,2026-10-05 00:08:13.455756,2026-10-05 00:09:34.805297,0 days 00:01:21.349541,10.502105436744278,0.40919616423534183,0.023688639503640783,44,2900,118,2.915443189153755,0.001819899369726822,0.5780093202212182,,COMPLETE
2,0.4621555503835718,2026-10-05 00:09:34.805435,2026-10-05 00:09:44.130614,0 days 00:00:09.325179,7.790143126276236,0.42727747704497043,0.051059032093947576,106,300,234,0.016480446427978974,0.006624059568209138,0.6061695553391381,,COMPLETE
3,0.4523264371277187,2026-10-05 00:09:44.130651,2026-10-05 00:10:05.963862,0 days 00:00:21.833211,2.1839352923182975,0.5564532903055842,0.027036160666620016,8,1100,84,1.3826232179369866,0.11012365570989283,0.6460723242676091,,COMPLETE
4,0.4564605372802941,2026-10-05 00:10:05.963902,2026-10-05 00:10:14.089206,0 days 00:00:08.125304,23.628864184236406,0.3455361150896957,0.032676417657817626,45,1900,17,7.286653737491043,17.712326416857458,0.5852620618436457,,COMPLETE
5,0.46189203595096473,2026-10-05 00:10:14.089243,2026-10-05 00:10:25.120809,0 days 00:00:11.031566,2.752069685079053,0.6466238370778891,0.020165721691808594,24,500,103,4.33792069749094,0.0014254814784217275,0.5610191174223894,,COMPLETE
6,0.45682544095724076,2026-10-05 00:10:25.120847,2026-10-05 00:10:39.346761,0 days 00:00:14.225914,33.13483615508948,0.978709239435191,0.04597505784732166,36,1100,64,5.727904470799624,2.9536813356812583,0.5924272277627636,,COMPLETE
7,0.4599826967441161,2026-10-05 00:10:39.346812,2026-10-05 00:10:52.489903,0 days 00:00:13.143091,25.58586885593424,0.527731231534285,0.039618677904065834,9,2800,19,0.01217295809836997,0.05497374896111049,0.522613644455269,,COMPLETE
8,0.4583020560279916,2026-10-05 00:10:52.489942,2026-10-05 00:11:07.852083,0 days 00:00:15.362141,2.1757649801197556,0.35218545057583955,0.02273805573563183,8,1000,69,1.227380098785297,26.20670861087006,0.9010984903770198,,COMPLETE
9,0.45521369003285506,2026-10-05 00:11:07.852116,2026-10-05 00:12:03.112481,0 days 00:00:55.260365,29.267581150621286,0.35183125621386324,0.010127963257331486,72,2500,110,0.0029072088906598446,0.040261924708102706,0.8856351733429728,,COMPLETE
10,0.4654301405470613,2026-10-05 00:12:03.112537,2026-10-05 00:12:18.257493,0 days 00:00:15.144956,1.2256345634213859,0.7218689800032194,0.08957010799264356,5,1900,32,0.3135697131356357,0.5243116734944968,0.7237631363262893,,COMPLETE
11,0.4549472185331326,2026-10-05 00:12:18.257525,2026-10-05 00:12:29.367244,0 days 00:00:11.109719,6.171494899291878,0.8613718642424112,0.013456913676435615,16,1100,47,0.16967723269745535,0.1881003251248972,0.7678121320177449,,COMPLETE
12,0.4683376972794344,2026-10-05 00:12:29.367277,2026-10-05 00:13:20.093422,0 days 00:00:50.726145,3.7872735106966946,0.7124203528736968,0.06644526695314791,15,1500,198,0.001362522051403353,0.007712963331667934,0.7343526094439211,,COMPLETE
13,0.45567822578857925,2026-10-05 00:13:20.093455,2026-10-05 00:13:26.018026,0 days 00:00:05.924571,14.610052180654744,0.566476186233373,0.029114941982614505,200,700,36,0.0695515322469042,1.1073686869713244,0.8365177542555723,,COMPLETE
14,0.45262711406996226,2026-10-05 00:13:26.018057,2026-10-05 00:13:46.862871,0 days 00:00:20.844814,1.4845488692962863,0.8539221035329417,0.015805841099830818,5,1500,68,0.6754750944386385,0.02348286064518266,0.9930391198524076,,COMPLETE
15,0.4539232474490626,2026-10-05 00:13:46.862903,2026-10-05 00:14:34.423834,0 days 00:00:47.560931,1.194854241220799,0.9878803097444633,0.014026880060157693,5,1600,142,1.1072448678802878,0.05399004659221316,0.9687782014702596,,COMPLETE
16,0.4519203859356418,2026-10-05 00:14:34.423951,2026-10-05 00:14:58.814057,0 days 00:00:24.390106,1.8708750885366623,0.8868028820421632,0.016655718778550346,9,1500,77,0.6741831816019791,0.013389934819285238,0.6702030265047864,,COMPLETE
17,0.4522522378928934,2026-10-05 00:14:58.814107,2026-10-05 00:15:43.042168,0 days 00:00:44.228061,4.02741508465747,0.5292434113499747,0.018137169089104718,10,2100,87,0.05203425204778658,0.19099311139210004,0.6648115337812508,,COMPLETE
18,0.4536169807807472,2026-10-05 00:15:43.042202,2026-10-05 00:16:59.696758,0 days 00:01:16.654556,4.424569356480274,0.9042351061750128,0.01690773187752329,11,2300,161,0.05199952858601472,0.01037335352094586,0.6902589230286762,,COMPLETE
19,0.45031984586832013,2026-10-05 00:16:59.696898,2026-10-05 00:17:28.991479,0 days 00:00:29.294581,3.7820036549421707,0.6512428156688064,0.010132566025000974,14,2100,46,0.15601948485640044,0.3240741104291219,0.6514278238756251,,COMPLETE
20,0.4526872972495848,2026-10-05 00:17:28.991514,2026-10-05 00:17:49.277549,0 days 00:00:20.286035,48.810030701215766,0.7478898003867217,0.010447600960536265,28,2600,27,0.24838067554748783,4.7001735632142,0.5075106058128437,,COMPLETE
21,0.4505932549197578,2026-10-05 00:17:49.277602,2026-10-05 00:18:14.960107,0 days 00:00:25.682505,3.769661532904518,0.48653531043398873,0.012215364206063591,12,2100,48,0.07035840984135305,0.2628086351146161,0.6629425635594038,,COMPLETE
22,0.45094969138615276,2026-10-05 00:18:14.960141,2026-10-05 00:18:34.157424,0 days 00:00:19.197283,2.506097004080597,0.6465142544397597,0.012408618113283677,14,1800,47,0.022043679303470634,0.6209942799071806,0.6404136320031355,,COMPLETE
23,0.45107905504844026,2026-10-05 00:18:34.157630,2026-10-05 00:18:59.547820,0 days 00:00:25.390190,3.0060812235726093,0.6386727843823251,0.01236692964445682,15,1900,46,0.010552983558635685,0.5667580267648212,0.6401586805745415,,COMPLETE
24,0.45209344188380185,2026-10-05 00:18:59.547853,2026-10-05 00:19:24.334991,0 days 00:00:24.787138,5.697160413637976,0.4612519180015983,0.011845169419246527,14,2200,48,0.032935497433334626,1.1576682488931704,0.7133276844301584,,COMPLETE
25,0.4553589505751665,2026-10-05 00:19:24.335081,2026-10-05 00:19:41.250324,0 days 00:00:16.915243,2.875944083851741,0.6336693464084293,0.010210523989232374,21,2400,24,0.00499681545862005,0.2956382079954463,0.625398476382599,,COMPLETE
26,0.4543147916830495,2026-10-05 00:19:41.250356,2026-10-05 00:19:58.317464,0 days 00:00:17.067108,5.328015130063038,0.4789970080685703,0.014345806629603556,7,1700,40,0.12609946507055209,3.148672323431874,0.7772046065842242,,COMPLETE
27,0.45017733606742005,2026-10-05 00:19:58.317497,2026-10-05 00:20:23.698705,0 days 00:00:25.381208,1.6969599258343333,0.6083405258214669,0.011687858439246319,12,2000,53,0.01963637502485722,1.2165527789946982,0.6860776522846479,,COMPLETE
28,0.45273161710634435,2026-10-05 00:20:23.698747,2026-10-05 00:20:40.283224,0 days 00:00:16.584477,1.7696914242944963,0.5928059112479536,0.01149689367727812,31,2100,29,0.08540144072280965,1.4182701424598703,0.5530626688567013,,COMPLETE
29,0.4497444346061608,2026-10-05 00:20:40.283258,2026-10-05 00:21:16.196799,0 days 00:00:35.913541,1.0279581991377222,0.7737265365137732,0.019724413770605586,19,2600,58,0.007992286630877912,9.014089132742638,0.8241909080677586,,COMPLETE
30,0.44964859509339866,2026-10-05 00:21:16.196847,2026-10-05 00:21:47.807254,0 days 00:00:31.610407,1.0570947669132822,0.8000927680945205,0.020953155462885082,22,2700,60,0.005668136201736147,6.558028883557074,0.8442508401830645,,COMPLETE
31,0.45055919029986535,2026-10-05 00:21:47.807289,2026-10-05 00:22:28.208660,0 days 00:00:40.401371,1.00494249686002,0.7674595956755343,0.02046584525499632,19,2700,56,0.006128509041041622,8.416305942987085,0.810002059328118,,COMPLETE
32,0.4505055109750191,2026-10-05 00:22:28.208802,2026-10-05 00:23:02.007251,0 days 00:00:33.798449,1.508159639415799,0.7986294821383797,0.0195889175310895,19,2900,57,0.001719919596139817,9.586954681166867,0.8642169635218125,,COMPLETE
33,0.45053307918593133,2026-10-05 00:23:02.007287,2026-10-05 00:23:23.349363,0 days 00:00:21.342076,1.0160793240875219,0.689278729546558,0.023417746712613742,45,3000,35,0.006236039920397257,8.257308183205392,0.7605434116771272,,COMPLETE
34,0.45575026466538077,2026-10-05 00:23:23.349395,2026-10-05 00:23:49.990777,0 days 00:00:26.641382,1.4315818489758618,0.7893518555345216,0.03332056200588259,24,2500,57,0.026620170332849927,1.9629571865417716,0.932698551268028,,COMPLETE
35,0.4531166906932283,2026-10-05 00:23:49.990809,2026-10-05 00:24:37.024803,0 days 00:00:47.033994,1.83305506708631,0.8270218845392405,0.024553797984288778,56,2700,95,0.002659025552388183,14.534150996203746,0.8237662990789109,,COMPLETE
36,0.4507132664771309,2026-10-05 00:24:37.024858,2026-10-05 00:25:09.825448,0 days 00:00:32.800590,10.642672378744406,0.6713796358493869,0.01467217998769616,34,2300,75,0.0036257053313242843,4.761434652741239,0.8659519031467008,,COMPLETE
37,0.4572868285158328,2026-10-05 00:25:09.825483,2026-10-05 00:25:17.949030,0 days 00:00:08.123547,1.2907983197429467,0.5989516992591033,0.036979043899693954,7,1300,22,0.009644353610320957,0.0032228613905876543,0.9373806614441009,,COMPLETE
38,0.45385505156760353,2026-10-05 00:25:17.949062,2026-10-05 00:25:38.221042,0 days 00:00:20.271980,2.09431039056411,0.932762380295508,0.028008695161362285,23,2500,38,0.016272036993154933,26.843460556781157,0.786781673001207,,COMPLETE
39,0.45297868128790947,2026-10-05 00:25:38.221076,2026-10-05 00:27:02.777707,0 days 00:01:24.556631,7.986996867089281,0.749293931488163,0.018344710850186453,12,3000,125,0.0010968477567558136,2.2698824214764657,0.7488879996907625,,COMPLETE
40,0.4511771830882718,2026-10-05 00:27:02.777745,2026-10-05 00:27:25.553186,0 days 00:00:22.775441,1.6455099534387037,0.8325341305171581,0.021595939278703673,39,2000,58,0.03373358701373863,5.345779561067929,0.8549963828721715,,COMPLETE
41,0.45072478317922704,2026-10-05 00:27:25.553218,2026-10-05 00:28:05.579476,0 days 00:00:40.026258,1.0088640692683086,0.7901734682329123,0.02539415737628115,17,2800,56,0.0016331284383212562,15.305073778831314,0.8862131786466635,,COMPLETE
42,0.4511750971286725,2026-10-05 00:28:05.579586,2026-10-05 00:28:35.392312,0 days 00:00:29.812726,1.3945028045323602,0.7112800594559081,0.01953302978713101,20,2900,43,0.001827601103046679,9.16673695897202,0.8454705866123807,,COMPLETE
43,0.4516843915185707,2026-10-05 00:28:35.392380,2026-10-05 00:29:12.028915,0 days 00:00:36.636535,2.4414211802962633,0.939044713926372,0.015723647441275683,27,2700,65,0.007929164690408474,13.682770766268925,0.9275133114228716,,COMPLETE
44,0.451988724317945,2026-10-05 00:29:12.028972,2026-10-05 00:29:55.807809,0 days 00:00:43.778837,1.261613764626031,0.679392014423918,0.03169359456553555,19,2300,85,0.003757921429656433,3.337510473646564,0.8004792388244336,,COMPLETE
45,0.4585382482860203,2026-10-05 00:29:55.807841,2026-10-05 00:30:24.159453,0 days 00:00:28.351612,3.127896987784709,0.8055031462001011,0.04722613716226596,13,2900,52,0.002226230573908941,0.09386271813431192,0.60996980642831,,COMPLETE
46,0.46098873759530556,2026-10-05 00:30:24.159486,2026-10-05 00:30:36.546647,0 days 00:00:12.387161,1.5531612644257153,0.6024543253965625,0.01095527354805703,18,2600,15,0.017940193857872468,0.8722506324384657,0.9010983802028493,,COMPLETE
47,0.4495531090097578,2026-10-05 00:30:36.546679,2026-10-05 00:31:10.052251,0 days 00:00:33.505572,2.1329170197598573,0.7328269942262634,0.013121655294529364,25,2400,70,2.206033746881535,1.7017061251754386,0.5690616004538264,,COMPLETE
48,0.4536605901223114,2026-10-05 00:31:10.052284,2026-10-05 00:31:45.135488,0 days 00:00:35.083204,2.201636654591949,0.7277464708042408,0.013924935963334656,53,2400,71,8.448018218015532,0.3805649571213833,0.5488907569869099,,COMPLETE
49,0.4511771505538045,2026-10-05 00:31:45.135519,2026-10-05 00:32:02.709350,0 days 00:00:17.573831,1.143743696626606,0.5534157086616093,0.012804377970115695,26,2200,33,3.1507333985813872,0.12265901498498324,0.5784531397272837,,COMPLETE
50,0.4508355325831621,2026-10-05 00:32:02.709382,2026-10-05 00:32:39.999392,0 days 00:00:37.290010,3.4887024086178124,0.7581050130683858,0.010007212712987507,33,2000,95,2.0403971473773606,1.664599233622424,0.6956458353541912,,COMPLETE
51,0.4514860529475041,2026-10-05 00:32:39.999435,2026-10-05 00:33:14.880035,0 days 00:00:34.880600,1.8587137603777955,0.8242606940069117,0.018492061436551768,22,2800,64,0.004360361003269374,6.335392458169092,0.8742247245301715,,COMPLETE
52,0.4500835973215162,2026-10-05 00:33:14.880082,2026-10-05 00:33:54.536492,0 days 00:00:39.656410,1.5143547107706978,0.8758150436044829,0.01623039489489855,10,2600,77,0.013054309316798181,2.864941711350068,0.6035811961105829,,COMPLETE
53,0.4488302190535111,2026-10-05 00:33:54.536524,2026-10-05 00:36:26.450353,0 days 00:02:31.913829,2.088514189989345,0.865898564022122,0.015572040446129946,9,2500,80,0.013945151177943,2.6704352391301374,0.5965462415136159,,COMPLETE
54,0.4515885239415018,2026-10-05 00:36:26.450415,2026-10-05 00:52:24.193353,0 days 00:15:57.742938,2.1068664970493973,0.9069769755337833,0.016177448197225712,7,2600,114,0.013591608147457291,3.0555606275223854,0.5337394946345714,,COMPLETE
55,0.4529627702208182,2026-10-05 00:52:24.193423,2026-10-05 00:53:00.003076,0 days 00:00:35.809653,1.175896012697145,0.8752185495543107,0.02201955893568855,9,2400,77,0.007872846083389926,0.9018028662744495,0.6089768876825139,,COMPLETE
56,0.45103897289592454,2026-10-05 00:53:00.003110,2026-10-05 00:53:45.926269,0 days 00:00:45.923159,2.383112214180791,0.8504748656993047,0.015168406035117652,10,2500,95,0.0434820149377249,1.9931268806273896,0.568969115217277,,COMPLETE
57,0.45716162115042713,2026-10-05 00:53:45.926302,2026-10-05 00:54:36.906916,0 days 00:00:50.980614,1.3850404701102033,0.3098822595517689,0.0171756702650287,6,2700,86,0.3657344299271505,3.7707425800566448,0.5053895045073994,,COMPLETE
58,0.45051136759724225,2026-10-05 00:54:36.906950,2026-10-05 00:55:12.224387,0 days 00:00:35.317437,1.6597905563669757,0.9379637297970439,0.013615221587337517,8,2300,75,0.014320726997626546,2.440631848091364,0.6205688740927638,,COMPLETE
59,0.4582607287858117,2026-10-05 00:55:12.224514,2026-10-05 00:55:16.711253,0 days 00:00:04.486739,2.6900090542511537,0.8989794366617349,0.06321044134411989,199,300,104,0.021680695917727307,1.214939405538311,0.5868780926089577,,COMPLETE
